<?xml version="1.0" encoding="UTF-8"?>
<!-- Generated by org.testng.reporters.JUnitReportReporter -->
<testsuite hostname="DESKTOP-K9BUQD2" failures="0" tests="1" name="testcases.RunLogin" time="16.243" errors="0" timestamp="2023-12-15T17:51:27 GMT" skipped="0">
  <testcase classname="testcases.RunLogin" name="runLoginTestCase" time="16.243"/>
  <system-out/>
</testsuite> <!-- testcases.RunLogin -->
